*** Starting uWSGI 2.0.14 (64bit) on [Fri Nov 25 17:01:51 2016] ***
compiled with version: 6.1.1 20160802 on 25 November 2016 15:27:16
os: Linux-4.4.0-3-deepin-amd64 #1 SMP Deepin 4.4.30-1 (2016-11-01)
nodename: demonlee-pc
machine: x86_64
clock source: unix
pcre jit disabled
detected number of CPU cores: 4
current working directory: /home/leostudio/coding/coding_for_study/pythonlab/iDjangoWeb/log
writing pidfile to /var/run/uwsgi5678.pid
detected binary path: /usr/local/bin/uwsgi
chdir() to /home/leostudio/coding/coding_for_study/pythonlab/iDjangoWeb/
your processes number limit is 30591
limiting address space of processes...
your process address space limit is 536870912 bytes (512 MB)
your memory page size is 4096 bytes
detected max file descriptor number: 1024
VirtualHosting mode enabled.
lock engine: pthread robust mutexes
thunder lock: disabled (you can enable it with --thunder-lock)
uwsgi socket 0 bound to TCP address 127.0.0.1:5678 fd 3
Python version: 2.7.12+ (default, Aug  4 2016, 20:04:34)  [GCC 6.1.1 20160724]
Python main interpreter initialized at 0x10d1d70
python threads support enabled
your server socket listen backlog is limited to 100 connections
your mercy for graceful operations on workers is 60 seconds
mapped 404640 bytes (395 KB) for 4 cores
*** Operational MODE: preforking+threaded ***
Traceback (most recent call last):
  File "iDjangoWeb/wsgi.py", line 12, in <module>
    from django.core.wsgi import get_wsgi_application
ImportError: No module named django.core.wsgi
unable to load app 0 (mountpoint='') (callable not found or import error)
*** no app loaded. going in full dynamic mode ***
*** uWSGI is running in multiple interpreter mode ***
spawned uWSGI master process (pid: 10332)
spawned uWSGI worker 1 (pid: 10337, cores: 2)
spawned uWSGI worker 2 (pid: 10338, cores: 2)
*** Stats server enabled on 127.0.0.1:6789 fd: 11 ***
...brutally killing workers...
Gracefully killing worker 2 (pid: 10338)...
worker 2 buried after 0 seconds
worker 1 buried after 1 seconds
binary reloading uWSGI...
chdir() to /home/leostudio/coding/coding_for_study/pythonlab/iDjangoWeb/log
closing all non-uwsgi socket fds > 2 (max_fd = 1024)...
found fd 3 mapped to socket 0 (127.0.0.1:5678)
running /usr/local/bin/uwsgi
[uWSGI] getting INI configuration from /etc/uwsgi5678.ini
*** Starting uWSGI 2.0.14 (64bit) on [Fri Nov 25 17:34:17 2016] ***
compiled with version: 6.1.1 20160802 on 25 November 2016 15:27:16
os: Linux-4.4.0-3-deepin-amd64 #1 SMP Deepin 4.4.30-1 (2016-11-01)
nodename: demonlee-pc
machine: x86_64
clock source: unix
pcre jit disabled
detected number of CPU cores: 4
current working directory: /home/leostudio/coding/coding_for_study/pythonlab/iDjangoWeb/log
detected binary path: /usr/local/bin/uwsgi
chdir() to /home/leostudio/coding/coding_for_study/pythonlab/iDjangoWeb/
your processes number limit is 30591
limiting address space of processes...
your process address space limit is 536870912 bytes (512 MB)
your memory page size is 4096 bytes
detected max file descriptor number: 1024
VirtualHosting mode enabled.
lock engine: pthread robust mutexes
thunder lock: disabled (you can enable it with --thunder-lock)
uwsgi socket 0 inherited INET address 127.0.0.1:5678 fd 3
Python version: 2.7.12+ (default, Aug  4 2016, 20:04:34)  [GCC 6.1.1 20160724]
Python main interpreter initialized at 0x26b0b70
python threads support enabled
your server socket listen backlog is limited to 100 connections
your mercy for graceful operations on workers is 60 seconds
mapped 404640 bytes (395 KB) for 4 cores
*** Operational MODE: preforking+threaded ***
Traceback (most recent call last):
  File "iDjangoWeb/wsgi.py", line 12, in <module>
    from django.core.wsgi import get_wsgi_application
ImportError: No module named django.core.wsgi
unable to load app 0 (mountpoint='') (callable not found or import error)
*** no app loaded. going in full dynamic mode ***
*** uWSGI is running in multiple interpreter mode ***
gracefully (RE)spawned uWSGI master process (pid: 10332)
spawned uWSGI worker 1 (pid: 30291, cores: 2)
spawned uWSGI worker 2 (pid: 30292, cores: 2)
*** Stats server enabled on 127.0.0.1:6789 fd: 11 ***
